D:\INNOVATION PLAN\CODE\ETTS\DEBUG\ETTS.EXE
D:\INNOVATION PLAN\CODE\ETTS\DEBUG\ETTS.ILK
D:\INNOVATION PLAN\CODE\ETTS\DEBUG\ETTS.PDB
D:\Innovation plan\code\ETTS\ETTS\Debug\cl.command.1.tlog
D:\Innovation plan\code\ETTS\ETTS\Debug\CL.read.1.tlog
D:\Innovation plan\code\ETTS\ETTS\Debug\CL.write.1.tlog
D:\INNOVATION PLAN\CODE\ETTS\ETTS\DEBUG\ETTS.EXE.EMBED.MANIFEST
D:\INNOVATION PLAN\CODE\ETTS\ETTS\DEBUG\ETTS.EXE.EMBED.MANIFEST.RES
D:\INNOVATION PLAN\CODE\ETTS\ETTS\DEBUG\ETTS.EXE.INTERMEDIATE.MANIFEST
D:\INNOVATION PLAN\CODE\ETTS\ETTS\DEBUG\ETTS.OBJ
D:\Innovation plan\code\ETTS\ETTS\Debug\ETTS.vcxprojResolveAssemblyReference.cache
D:\Innovation plan\code\ETTS\ETTS\Debug\ETTS.write.1.tlog
D:\Innovation plan\code\ETTS\ETTS\Debug\ETTS_manifest.rc
D:\Innovation plan\code\ETTS\ETTS\Debug\link.13344.read.1.tlog
D:\Innovation plan\code\ETTS\ETTS\Debug\link.13344.write.1.tlog
D:\Innovation plan\code\ETTS\ETTS\Debug\link.13344-cvtres.read.1.tlog
D:\Innovation plan\code\ETTS\ETTS\Debug\link.13344-cvtres.write.1.tlog
D:\Innovation plan\code\ETTS\ETTS\Debug\link.1524.read.1.tlog
D:\Innovation plan\code\ETTS\ETTS\Debug\link.1524.write.1.tlog
D:\Innovation plan\code\ETTS\ETTS\Debug\link.1524-cvtres.read.1.tlog
D:\Innovation plan\code\ETTS\ETTS\Debug\link.1524-cvtres.write.1.tlog
D:\Innovation plan\code\ETTS\ETTS\Debug\link.16700.read.1.tlog
D:\Innovation plan\code\ETTS\ETTS\Debug\link.16700.write.1.tlog
D:\Innovation plan\code\ETTS\ETTS\Debug\link.16700-cvtres.read.1.tlog
D:\Innovation plan\code\ETTS\ETTS\Debug\link.16700-cvtres.write.1.tlog
D:\Innovation plan\code\ETTS\ETTS\Debug\link.5848.read.1.tlog
D:\Innovation plan\code\ETTS\ETTS\Debug\link.5848.write.1.tlog
D:\Innovation plan\code\ETTS\ETTS\Debug\link.5848-cvtres.read.1.tlog
D:\Innovation plan\code\ETTS\ETTS\Debug\link.5848-cvtres.write.1.tlog
D:\Innovation plan\code\ETTS\ETTS\Debug\link.9732.read.1.tlog
D:\Innovation plan\code\ETTS\ETTS\Debug\link.9732.write.1.tlog
D:\Innovation plan\code\ETTS\ETTS\Debug\link.9732-cvtres.read.1.tlog
D:\Innovation plan\code\ETTS\ETTS\Debug\link.9732-cvtres.write.1.tlog
D:\Innovation plan\code\ETTS\ETTS\Debug\link.command.1.tlog
D:\Innovation plan\code\ETTS\ETTS\Debug\link.read.1.tlog
D:\Innovation plan\code\ETTS\ETTS\Debug\link.write.1.tlog
D:\Innovation plan\code\ETTS\ETTS\Debug\link-cvtres.read.1.tlog
D:\Innovation plan\code\ETTS\ETTS\Debug\link-cvtres.write.1.tlog
D:\Innovation plan\code\ETTS\ETTS\Debug\mt.command.1.tlog
D:\Innovation plan\code\ETTS\ETTS\Debug\mt.read.1.tlog
D:\Innovation plan\code\ETTS\ETTS\Debug\mt.write.1.tlog
D:\Innovation plan\code\ETTS\ETTS\Debug\rc.command.1.tlog
D:\Innovation plan\code\ETTS\ETTS\Debug\rc.read.1.tlog
D:\Innovation plan\code\ETTS\ETTS\Debug\rc.write.1.tlog
D:\Innovation plan\code\ETTS\ETTS\Debug\vc100.idb
D:\INNOVATION PLAN\CODE\ETTS\ETTS\DEBUG\VC100.PDB
